<?xml version="1.0" encoding="UTF-8"?>
<testng-results skipped="1" failed="0" ignored="0" total="1" passed="0">
  <reporter-output>
  </reporter-output>
  <suite name="Default suite" duration-ms="132" started-at="2017-11-22T06:38:24Z" finished-at="2017-11-22T06:38:24Z">
    <groups>
    </groups>
    <test name="Default test" duration-ms="132" started-at="2017-11-22T06:38:24Z" finished-at="2017-11-22T06:38:24Z">
      <class name="demo.LocalLanguageBrowser">
        <test-method status="FAIL" signature="openBrowser()[pri:0, instance:demo.LocalLanguageBrowser@643b1d11]" name="openBrowser" is-config="true" duration-ms="38" started-at="2017-11-21T22:38:24Z" finished-at="2017-11-21T22:38:24Z">
          <exception class="java.lang.Error">
            <message>
              <![CDATA[Unresolved compilation problem: 
	The constructor FirefoxDriver(FirefoxProfile) is undefined
]]>
            </message>
            <full-stacktrace>
              <![CDATA[java.lang.Error: Unresolved compilation problem: 
	The constructor FirefoxDriver(FirefoxProfile) is undefined

	at demo.LocalLanguageBrowser.openBrowser(LocalLanguageBrowser.java:19)
	at sun.reflect.NativeMethodAccessorImpl.invoke0(Native Method)
	at sun.reflect.NativeMethodAccessorImpl.invoke(Unknown Source)
	at sun.reflect.DelegatingMethodAccessorImpl.invoke(Unknown Source)
	at java.lang.reflect.Method.invoke(Unknown Source)
	at org.testng.internal.MethodInvocationHelper.invokeMethod(MethodInvocationHelper.java:108)
	at org.testng.internal.Invoker.invokeConfigurationMethod(Invoker.java:523)
	at org.testng.internal.Invoker.invokeConfigurations(Invoker.java:224)
	at org.testng.internal.Invoker.invokeConfigurations(Invoker.java:146)
	at org.testng.TestRunner.beforeRun(TestRunner.java:658)
	at org.testng.TestRunner.run(TestRunner.java:626)
	at org.testng.SuiteRunner.runTest(SuiteRunner.java:425)
	at org.testng.SuiteRunner.runSequentially(SuiteRunner.java:420)
	at org.testng.SuiteRunner.privateRun(SuiteRunner.java:385)
	at org.testng.SuiteRunner.run(SuiteRunner.java:334)
	at org.testng.SuiteRunnerWorker.runSuite(SuiteRunnerWorker.java:52)
	at org.testng.SuiteRunnerWorker.run(SuiteRunnerWorker.java:86)
	at org.testng.TestNG.runSuitesSequentially(TestNG.java:1318)
	at org.testng.TestNG.runSuitesLocally(TestNG.java:1243)
	at org.testng.TestNG.runSuites(TestNG.java:1161)
	at org.testng.TestNG.run(TestNG.java:1129)
	at org.testng.remote.AbstractRemoteTestNG.run(AbstractRemoteTestNG.java:114)
	at org.testng.remote.RemoteTestNG.initAndRun(RemoteTestNG.java:251)
	at org.testng.remote.RemoteTestNG.main(RemoteTestNG.java:77)
]]>
            </full-stacktrace>
          </exception> <!-- java.lang.Error -->
          <reporter-output>
          </reporter-output>
        </test-method> <!-- openBrowser -->
        <test-method status="SKIP" signature="verifyTitle()[pri:0, instance:demo.LocalLanguageBrowser@643b1d11]" name="verifyTitle" duration-ms="0" started-at="2017-11-21T22:38:24Z" finished-at="2017-11-21T22:38:24Z">
          <exception class="java.lang.Error">
            <message>
              <![CDATA[Unresolved compilation problem: 
	The constructor FirefoxDriver(FirefoxProfile) is undefined
]]>
            </message>
            <full-stacktrace>
              <![CDATA[java.lang.Error: Unresolved compilation problem: 
	The constructor FirefoxDriver(FirefoxProfile) is undefined

	at demo.LocalLanguageBrowser.openBrowser(LocalLanguageBrowser.java:19)
	at sun.reflect.NativeMethodAccessorImpl.invoke0(Native Method)
	at sun.reflect.NativeMethodAccessorImpl.invoke(Unknown Source)
	at sun.reflect.DelegatingMethodAccessorImpl.invoke(Unknown Source)
	at java.lang.reflect.Method.invoke(Unknown Source)
	at org.testng.internal.MethodInvocationHelper.invokeMethod(MethodInvocationHelper.java:108)
	at org.testng.internal.Invoker.invokeConfigurationMethod(Invoker.java:523)
	at org.testng.internal.Invoker.invokeConfigurations(Invoker.java:224)
	at org.testng.internal.Invoker.invokeConfigurations(Invoker.java:146)
	at org.testng.TestRunner.beforeRun(TestRunner.java:658)
	at org.testng.TestRunner.run(TestRunner.java:626)
	at org.testng.SuiteRunner.runTest(SuiteRunner.java:425)
	at org.testng.SuiteRunner.runSequentially(SuiteRunner.java:420)
	at org.testng.SuiteRunner.privateRun(SuiteRunner.java:385)
	at org.testng.SuiteRunner.run(SuiteRunner.java:334)
	at org.testng.SuiteRunnerWorker.runSuite(SuiteRunnerWorker.java:52)
	at org.testng.SuiteRunnerWorker.run(SuiteRunnerWorker.java:86)
	at org.testng.TestNG.runSuitesSequentially(TestNG.java:1318)
	at org.testng.TestNG.runSuitesLocally(TestNG.java:1243)
	at org.testng.TestNG.runSuites(TestNG.java:1161)
	at org.testng.TestNG.run(TestNG.java:1129)
	at org.testng.remote.AbstractRemoteTestNG.run(AbstractRemoteTestNG.java:114)
	at org.testng.remote.RemoteTestNG.initAndRun(RemoteTestNG.java:251)
	at org.testng.remote.RemoteTestNG.main(RemoteTestNG.java:77)
]]>
            </full-stacktrace>
          </exception> <!-- java.lang.Error -->
          <reporter-output>
          </reporter-output>
        </test-method> <!-- verifyTitle -->
      </class> <!-- demo.LocalLanguageBrowser -->
    </test> <!-- Default test -->
  </suite> <!-- Default suite -->
</testng-results>
