<?xml version="1.0" encoding="UTF-8"?>
<testng-results skipped="0" failed="0" ignored="0" total="1" passed="1">
  <reporter-output>
  </reporter-output>
  <suite name="Default suite" duration-ms="53570" started-at="2018-02-23T02:30:14Z" finished-at="2018-02-23T02:31:07Z">
    <groups>
    </groups>
    <test name="Default test" duration-ms="53570" started-at="2018-02-23T02:30:14Z" finished-at="2018-02-23T02:31:07Z">
      <class name="demo.TakeScreenGrab">
        <test-method status="PASS" signature="openBrowser()[pri:0, instance:demo.TakeScreenGrab@9629756]" name="openBrowser" is-config="true" duration-ms="16808" started-at="2018-02-22T18:30:14Z" finished-at="2018-02-22T18:30:31Z">
          <reporter-output>
          </reporter-output>
        </test-method> <!-- openBrowser -->
        <test-method status="PASS" signature="grabScreen()[pri:0, instance:demo.TakeScreenGrab@9629756]" name="grabScreen" duration-ms="36705" started-at="2018-02-22T18:30:31Z" finished-at="2018-02-22T18:31:07Z">
          <reporter-output>
          </reporter-output>
        </test-method> <!-- grabScreen -->
      </class> <!-- demo.TakeScreenGrab -->
    </test> <!-- Default test -->
  </suite> <!-- Default suite -->
</testng-results>
